<?xml version="1.0" encoding="UTF-8" ?>
<testsuite tests="24" failures="0" name="com.mycompany.calculadorateste.CalculadoraJUnitTest" time="0.007" errors="0" skipped="0">
  <properties>
    <property name="java.runtime.name" value="Java(TM) SE Runtime Environment"/>
    <property name="java.vm.version" value="18+36-2087"/>
    <property name="sun.boot.library.path" value="C:\Program Files\Java\jdk-18\bin"/>
    <property name="maven.multiModuleProjectDirectory" value="C:\Users\cassi\Documents\NetBeansProjects\calc 2\CalculadoraQualidadeTestesSoftware"/>
    <property name="java.vm.vendor" value="Oracle Corporation"/>
    <property name="java.vendor.url" value="https://java.oracle.com/"/>
    <property name="guice.disable.misplaced.annotation.check" value="true"/>
    <property name="path.separator" value=";"/>
    <property name="java.vm.name" value="Java HotSpot(TM) 64-Bit Server VM"/>
    <property name="sun.os.patch.level" value=""/>
    <property name="user.script" value=""/>
    <property name="user.country" value="BR"/>
    <property name="sun.java.launcher" value="SUN_STANDARD"/>
    <property name="test" value="com.mycompany.calculadorateste.CalculadoraJUnitTest"/>
    <property name="java.vm.specification.name" value="Java Virtual Machine Specification"/>
    <property name="user.dir" value="C:\Users\cassi\Documents\NetBeansProjects\calc 2\CalculadoraQualidadeTestesSoftware"/>
    <property name="java.vm.compressedOopsMode" value="Zero based"/>
    <property name="java.runtime.version" value="18+36-2087"/>
    <property name="os.arch" value="amd64"/>
    <property name="java.io.tmpdir" value="C:\Users\cassi\AppData\Local\Temp\"/>
    <property name="line.separator" value="
"/>
    <property name="java.vm.specification.vendor" value="Oracle Corporation"/>
    <property name="user.variant" value=""/>
    <property name="os.name" value="Windows 10"/>
    <property name="maven.ext.class.path" value="C:\Program Files\NetBeans-13\netbeans\java\maven-nblib\netbeans-eventspy.jar"/>
    <property name="classworlds.conf" value="C:\Program Files\NetBeans-13\netbeans\java\maven\bin\m2.conf"/>
    <property name="sun.jnu.encoding" value="Cp1252"/>
    <property name="java.library.path" value="C:\Program Files\Java\jdk-18\bin;C:\Windows\Sun\Java\bin;C:\Windows\system32;C:\Windows;C:\Python311\Scripts\;C:\Python311\;C:\Program Files\Common Files\Oracle\Java\javapath;C:\Program Files (x86)\Common Files\Oracle\Java\javapath;C:\Windows\system32;C:\Windows;C:\Windows\System32\Wbem;C:\Windows\System32\WindowsPowerShell\v1.0\;C:\Windows\System32\OpenSSH\;C:\Program Files\NVIDIA Corporation\NVIDIA NvDLISR;C:\Program Files (x86)\NVIDIA Corporation\PhysX\Common;C:\Program Files\dotnet\;C:\Program Files\Git\cmd;C:\Program Files\Microsoft VS Code\bin;C:\Program Files\nodejs\;C:\ProgramData\chocolatey\bin;C:\Program Files\MySQL\MySQL Shell 8.0\bin\;C:\Users\cassi\AppData\Local\Microsoft\WindowsApps;C:\Users\cassi\AppData\Roaming\npm;."/>
    <property name="maven.conf" value="C:\Program Files\NetBeans-13\netbeans\java\maven/conf"/>
    <property name="jdk.debug" value="release"/>
    <property name="java.class.version" value="62.0"/>
    <property name="java.specification.name" value="Java Platform API Specification"/>
    <property name="sun.management.compiler" value="HotSpot 64-Bit Tiered Compilers"/>
    <property name="os.version" value="10.0"/>
    <property name="library.jansi.path" value="C:\Program Files\NetBeans-13\netbeans\java\maven\lib\jansi-native"/>
    <property name="user.home" value="C:\Users\cassi"/>
    <property name="user.timezone" value="America/Sao_Paulo"/>
    <property name="file.encoding" value="UTF-8"/>
    <property name="java.specification.version" value="18"/>
    <property name="user.name" value="cassi"/>
    <property name="java.class.path" value="C:\Program Files\NetBeans-13\netbeans\java\maven\boot\plexus-classworlds-2.6.0.jar"/>
    <property name="java.vm.specification.version" value="18"/>
    <property name="sun.arch.data.model" value="64"/>
    <property name="sun.java.command" value="org.codehaus.plexus.classworlds.launcher.Launcher -Dtest=com.mycompany.calculadorateste.CalculadoraJUnitTest -Dmaven.ext.class.path=C:\Program Files\NetBeans-13\netbeans\java\maven-nblib\netbeans-eventspy.jar surefire:test"/>
    <property name="java.home" value="C:\Program Files\Java\jdk-18"/>
    <property name="user.language" value="pt"/>
    <property name="java.specification.vendor" value="Oracle Corporation"/>
    <property name="java.vm.info" value="mixed mode, sharing"/>
    <property name="java.version" value="18"/>
    <property name="native.encoding" value="Cp1252"/>
    <property name="java.vendor" value="Oracle Corporation"/>
    <property name="maven.home" value="C:\Program Files\NetBeans-13\netbeans\java\maven"/>
    <property name="file.separator" value="\"/>
    <property name="java.version.date" value="2022-03-22"/>
    <property name="java.vendor.url.bug" value="https://bugreport.java.com/bugreport/"/>
    <property name="sun.io.unicode.encoding" value="UnicodeLittle"/>
    <property name="sun.cpu.endian" value="little"/>
    <property name="sun.cpu.isalist" value="amd64"/>
  </properties>
  <testcase classname="com.mycompany.calculadorateste.CalculadoraJUnitTest" name="com.mycompany.calculadorateste.CalculadoraJUnitTest.testSomar1" time="0.003"/>
  <testcase classname="com.mycompany.calculadorateste.CalculadoraJUnitTest" name="com.mycompany.calculadorateste.CalculadoraJUnitTest.testSomar3" time="0"/>
  <testcase classname="com.mycompany.calculadorateste.CalculadoraJUnitTest" name="com.mycompany.calculadorateste.CalculadoraJUnitTest.testSomar2" time="0"/>
  <testcase classname="com.mycompany.calculadorateste.CalculadoraJUnitTest" name="com.mycompany.calculadorateste.CalculadoraJUnitTest.testMultiplicar2" time="0"/>
  <testcase classname="com.mycompany.calculadorateste.CalculadoraJUnitTest" name="com.mycompany.calculadorateste.CalculadoraJUnitTest.testMultiplicar4" time="0"/>
  <testcase classname="com.mycompany.calculadorateste.CalculadoraJUnitTest" name="com.mycompany.calculadorateste.CalculadoraJUnitTest.testDividir5" time="0.001"/>
  <testcase classname="com.mycompany.calculadorateste.CalculadoraJUnitTest" name="com.mycompany.calculadorateste.CalculadoraJUnitTest.testSomar5" time="0"/>
  <testcase classname="com.mycompany.calculadorateste.CalculadoraJUnitTest" name="com.mycompany.calculadorateste.CalculadoraJUnitTest.testDividir6" time="0"/>
  <testcase classname="com.mycompany.calculadorateste.CalculadoraJUnitTest" name="com.mycompany.calculadorateste.CalculadoraJUnitTest.testDividir7" time="0.001"/>
  <testcase classname="com.mycompany.calculadorateste.CalculadoraJUnitTest" name="com.mycompany.calculadorateste.CalculadoraJUnitTest.testDividir9" time="0"/>
  <testcase classname="com.mycompany.calculadorateste.CalculadoraJUnitTest" name="com.mycompany.calculadorateste.CalculadoraJUnitTest.testSubtrair4" time="0"/>
  <testcase classname="com.mycompany.calculadorateste.CalculadoraJUnitTest" name="com.mycompany.calculadorateste.CalculadoraJUnitTest.testSomar4" time="0"/>
  <testcase classname="com.mycompany.calculadorateste.CalculadoraJUnitTest" name="com.mycompany.calculadorateste.CalculadoraJUnitTest.testSubtrair3" time="0.001"/>
  <testcase classname="com.mycompany.calculadorateste.CalculadoraJUnitTest" name="com.mycompany.calculadorateste.CalculadoraJUnitTest.testMultiplicar5" time="0"/>
  <testcase classname="com.mycompany.calculadorateste.CalculadoraJUnitTest" name="com.mycompany.calculadorateste.CalculadoraJUnitTest.testDividir3" time="0"/>
  <testcase classname="com.mycompany.calculadorateste.CalculadoraJUnitTest" name="com.mycompany.calculadorateste.CalculadoraJUnitTest.testSubtrair5" time="0"/>
  <testcase classname="com.mycompany.calculadorateste.CalculadoraJUnitTest" name="com.mycompany.calculadorateste.CalculadoraJUnitTest.testDividir4" time="0"/>
  <testcase classname="com.mycompany.calculadorateste.CalculadoraJUnitTest" name="com.mycompany.calculadorateste.CalculadoraJUnitTest.testMultiplicar3" time="0"/>
  <testcase classname="com.mycompany.calculadorateste.CalculadoraJUnitTest" name="com.mycompany.calculadorateste.CalculadoraJUnitTest.testSubtrair2" time="0"/>
  <testcase classname="com.mycompany.calculadorateste.CalculadoraJUnitTest" name="com.mycompany.calculadorateste.CalculadoraJUnitTest.testDividir8" time="0"/>
  <testcase classname="com.mycompany.calculadorateste.CalculadoraJUnitTest" name="com.mycompany.calculadorateste.CalculadoraJUnitTest.testMultiplicar1" time="0"/>
  <testcase classname="com.mycompany.calculadorateste.CalculadoraJUnitTest" name="com.mycompany.calculadorateste.CalculadoraJUnitTest.testDividir2" time="0"/>
  <testcase classname="com.mycompany.calculadorateste.CalculadoraJUnitTest" name="com.mycompany.calculadorateste.CalculadoraJUnitTest.testSubtrair1" time="0.001"/>
  <testcase classname="com.mycompany.calculadorateste.CalculadoraJUnitTest" name="com.mycompany.calculadorateste.CalculadoraJUnitTest.testDividir1" time="0"/>
</testsuite>